pt_main_thread 3660078 0 1721291434.009575 3660078 start pytorch_call_impl
pt_main_thread 3660078 0 1721291434.0096014 3660078 start pytorch_transformer_forward
pt_main_thread 3660078 0 1721291434.009626 3660078 start pytorch_call_impl
pt_main_thread 3660078 0 1721291434.0096393 3660078 start pytorch_transformer_encoder_forward
pt_main_thread 3660078 0 1721291434.0096953 3660078 start pytorch_call_impl
pt_main_thread 3660078 0 1721291434.009706 3660078 start pytorch_transformer_encoder_layer_forward
pt_main_thread 3660078 0 1721291434.0097234 3660078 start pytorch_call_impl
pt_main_thread 3660078 0 1721291434.0141385 3660078 end pytorch_call_impl
pt_main_thread 3660078 0 1721291434.014157 3660078 start pytorch_call_impl
pt_main_thread 3660078 0 1721291434.0141711 3660078 start pytorch_dropout_forward
pt_main_thread 3660078 0 1721291434.014453 3660078 end pytorch_dropout_forward
pt_main_thread 3660078 0 1721291434.0144567 3660078 end pytorch_call_impl
pt_main_thread 3660078 0 1721291434.0144694 3660078 start pytorch_tensor_add
pt_main_thread 3660078 0 1721291434.0146086 3660078 end pytorch_tensor_add
pt_main_thread 3660078 0 1721291434.0146165 3660078 start pytorch_call_impl
pt_main_thread 3660078 0 1721291434.014832 3660078 end pytorch_call_impl
pt_main_thread 3660078 0 1721291434.014847 3660078 start pytorch_call_impl
pt_main_thread 3660078 0 1721291434.0148575 3660078 start pytorch_linear_forward
pt_main_thread 3660078 0 1721291434.0194068 3660078 end pytorch_linear_forward
pt_main_thread 3660078 0 1721291434.0194159 3660078 end pytorch_call_impl
pt_main_thread 3660078 0 1721291434.0194228 3660078 start pytorch_relu
pt_main_thread 3660078 0 1721291434.0219636 3660078 end pytorch_relu
pt_main_thread 3660078 0 1721291434.0237691 3660078 start pytorch_call_impl
pt_main_thread 3660078 0 1721291434.023788 3660078 start pytorch_dropout_forward
pt_main_thread 3660078 0 1721291434.0341322 3660078 end pytorch_dropout_forward
pt_main_thread 3660078 0 1721291434.0341442 3660078 end pytorch_call_impl
pt_main_thread 3660078 0 1721291434.0341606 3660078 start pytorch_call_impl
pt_main_thread 3660078 0 1721291434.0341756 3660078 start pytorch_linear_forward
pt_main_thread 3660078 0 1721291434.0375476 3660078 end pytorch_linear_forward
pt_main_thread 3660078 0 1721291434.0375557 3660078 end pytorch_call_impl
pt_main_thread 3660078 0 1721291434.0375686 3660078 start pytorch_call_impl
pt_main_thread 3660078 0 1721291434.0375786 3660078 start pytorch_dropout_forward
pt_main_thread 3660078 0 1721291434.0379229 3660078 end pytorch_dropout_forward
pt_main_thread 3660078 0 1721291434.0379272 3660078 end pytorch_call_impl
pt_main_thread 3660078 0 1721291434.0379372 3660078 start pytorch_tensor_add
pt_main_thread 3660078 0 1721291434.0380983 3660078 end pytorch_tensor_add
pt_main_thread 3660078 0 1721291434.0381064 3660078 start pytorch_call_impl
pt_main_thread 3660078 0 1721291434.0382783 3660078 end pytorch_call_impl
pt_main_thread 3660078 0 1721291434.0382824 3660078 end pytorch_transformer_encoder_layer_forward
pt_main_thread 3660078 0 1721291434.0382876 3660078 end pytorch_call_impl
pt_main_thread 3660078 0 1721291434.038298 3660078 start pytorch_call_impl
pt_main_thread 3660078 0 1721291434.0383058 3660078 start pytorch_transformer_encoder_layer_forward
pt_main_thread 3660078 0 1721291434.038334 3660078 start pytorch_call_impl
pt_main_thread 3660078 0 1721291434.0407374 3660078 end pytorch_call_impl
pt_main_thread 3660078 0 1721291434.0407517 3660078 start pytorch_call_impl
pt_main_thread 3660078 0 1721291434.040761 3660078 start pytorch_dropout_forward
pt_main_thread 3660078 0 1721291434.0410433 3660078 end pytorch_dropout_forward
pt_main_thread 3660078 0 1721291434.041047 3660078 end pytorch_call_impl
pt_main_thread 3660078 0 1721291434.0410562 3660078 start pytorch_tensor_add
pt_main_thread 3660078 0 1721291434.0411878 3660078 end pytorch_tensor_add
pt_main_thread 3660078 0 1721291434.0411947 3660078 start pytorch_call_impl
pt_main_thread 3660078 0 1721291434.0413592 3660078 end pytorch_call_impl
pt_main_thread 3660078 0 1721291434.0413718 3660078 start pytorch_call_impl
pt_main_thread 3660078 0 1721291434.0413787 3660078 start pytorch_linear_forward
pt_main_thread 3660078 0 1721291434.045603 3660078 end pytorch_linear_forward
pt_main_thread 3660078 0 1721291434.0456097 3660078 end pytorch_call_impl
pt_main_thread 3660078 0 1721291434.045615 3660078 start pytorch_relu
pt_main_thread 3660078 0 1721291434.0477314 3660078 end pytorch_relu
pt_main_thread 3660078 0 1721291434.0491805 3660078 start pytorch_call_impl
pt_main_thread 3660078 0 1721291434.0491982 3660078 start pytorch_dropout_forward
pt_main_thread 3660078 0 1721291434.0588715 3660078 end pytorch_dropout_forward
pt_main_thread 3660078 0 1721291434.0588832 3660078 end pytorch_call_impl
pt_main_thread 3660078 0 1721291434.0588982 3660078 start pytorch_call_impl
pt_main_thread 3660078 0 1721291434.0589125 3660078 start pytorch_linear_forward
pt_main_thread 3660078 0 1721291434.0622225 3660078 end pytorch_linear_forward
pt_main_thread 3660078 0 1721291434.0622294 3660078 end pytorch_call_impl
pt_main_thread 3660078 0 1721291434.0622416 3660078 start pytorch_call_impl
pt_main_thread 3660078 0 1721291434.0622506 3660078 start pytorch_dropout_forward
pt_main_thread 3660078 0 1721291434.062586 3660078 end pytorch_dropout_forward
pt_main_thread 3660078 0 1721291434.0625894 3660078 end pytorch_call_impl
pt_main_thread 3660078 0 1721291434.0625982 3660078 start pytorch_tensor_add
pt_main_thread 3660078 0 1721291434.0627463 3660078 end pytorch_tensor_add
pt_main_thread 3660078 0 1721291434.0627532 3660078 start pytorch_call_impl
pt_main_thread 3660078 0 1721291434.062913 3660078 end pytorch_call_impl
pt_main_thread 3660078 0 1721291434.0629172 3660078 end pytorch_transformer_encoder_layer_forward
pt_main_thread 3660078 0 1721291434.0629215 3660078 end pytorch_call_impl
pt_main_thread 3660078 0 1721291434.0629315 3660078 start pytorch_call_impl
pt_main_thread 3660078 0 1721291434.0629396 3660078 start pytorch_transformer_encoder_layer_forward
pt_main_thread 3660078 0 1721291434.062961 3660078 start pytorch_call_impl
pt_main_thread 3660078 0 1721291434.065214 3660078 end pytorch_call_impl
pt_main_thread 3660078 0 1721291434.0652266 3660078 start pytorch_call_impl
pt_main_thread 3660078 0 1721291434.0652347 3660078 start pytorch_dropout_forward
pt_main_thread 3660078 0 1721291434.0655093 3660078 end pytorch_dropout_forward
pt_main_thread 3660078 0 1721291434.0655127 3660078 end pytorch_call_impl
pt_main_thread 3660078 0 1721291434.065522 3660078 start pytorch_tensor_add
pt_main_thread 3660078 0 1721291434.0656455 3660078 end pytorch_tensor_add
pt_main_thread 3660078 0 1721291434.0656521 3660078 start pytorch_call_impl
pt_main_thread 3660078 0 1721291434.065801 3660078 end pytorch_call_impl
pt_main_thread 3660078 0 1721291434.0658126 3660078 start pytorch_call_impl
pt_main_thread 3660078 0 1721291434.0658195 3660078 start pytorch_linear_forward
pt_main_thread 3660078 0 1721291434.07003 3660078 end pytorch_linear_forward
pt_main_thread 3660078 0 1721291434.0700374 3660078 end pytorch_call_impl
pt_main_thread 3660078 0 1721291434.0700424 3660078 start pytorch_relu
pt_main_thread 3660078 0 1721291434.0721395 3660078 end pytorch_relu
pt_main_thread 3660078 0 1721291434.0735548 3660078 start pytorch_call_impl
pt_main_thread 3660078 0 1721291434.0735734 3660078 start pytorch_dropout_forward
pt_main_thread 3660078 0 1721291434.083043 3660078 end pytorch_dropout_forward
pt_main_thread 3660078 0 1721291434.083053 3660078 end pytorch_call_impl
pt_main_thread 3660078 0 1721291434.0830688 3660078 start pytorch_call_impl
pt_main_thread 3660078 0 1721291434.0830839 3660078 start pytorch_linear_forward
pt_main_thread 3660078 0 1721291434.086475 3660078 end pytorch_linear_forward
pt_main_thread 3660078 0 1721291434.086481 3660078 end pytorch_call_impl
pt_main_thread 3660078 0 1721291434.0864923 3660078 start pytorch_call_impl
pt_main_thread 3660078 0 1721291434.086501 3660078 start pytorch_dropout_forward
pt_main_thread 3660078 0 1721291434.0868332 3660078 end pytorch_dropout_forward
pt_main_thread 3660078 0 1721291434.0868366 3660078 end pytorch_call_impl
pt_main_thread 3660078 0 1721291434.0868983 3660078 start pytorch_tensor_add
pt_main_thread 3660078 0 1721291434.0870605 3660078 end pytorch_tensor_add
pt_main_thread 3660078 0 1721291434.0870678 3660078 start pytorch_call_impl
pt_main_thread 3660078 0 1721291434.0872357 3660078 end pytorch_call_impl
pt_main_thread 3660078 0 1721291434.0872397 3660078 end pytorch_transformer_encoder_layer_forward
pt_main_thread 3660078 0 1721291434.0872438 3660078 end pytorch_call_impl
pt_main_thread 3660078 0 1721291434.0872536 3660078 start pytorch_call_impl
pt_main_thread 3660078 0 1721291434.0872607 3660078 start pytorch_transformer_encoder_layer_forward
pt_main_thread 3660078 0 1721291434.0872843 3660078 start pytorch_call_impl
pt_main_thread 3660078 0 1721291434.0895133 3660078 end pytorch_call_impl
pt_main_thread 3660078 0 1721291434.089526 3660078 start pytorch_call_impl
pt_main_thread 3660078 0 1721291434.0895338 3660078 start pytorch_dropout_forward
pt_main_thread 3660078 0 1721291434.0898068 3660078 end pytorch_dropout_forward
pt_main_thread 3660078 0 1721291434.0898104 3660078 end pytorch_call_impl
pt_main_thread 3660078 0 1721291434.0898192 3660078 start pytorch_tensor_add
pt_main_thread 3660078 0 1721291434.0899475 3660078 end pytorch_tensor_add
pt_main_thread 3660078 0 1721291434.0899544 3660078 start pytorch_call_impl
pt_main_thread 3660078 0 1721291434.090104 3660078 end pytorch_call_impl
pt_main_thread 3660078 0 1721291434.0901158 3660078 start pytorch_call_impl
pt_main_thread 3660078 0 1721291434.090122 3660078 start pytorch_linear_forward
pt_main_thread 3660078 0 1721291434.0943253 3660078 end pytorch_linear_forward
pt_main_thread 3660078 0 1721291434.0943332 3660078 end pytorch_call_impl
pt_main_thread 3660078 0 1721291434.094338 3660078 start pytorch_relu
pt_main_thread 3660078 0 1721291434.0964365 3660078 end pytorch_relu
pt_main_thread 3660078 0 1721291434.0978231 3660078 start pytorch_call_impl
pt_main_thread 3660078 0 1721291434.0978425 3660078 start pytorch_dropout_forward
pt_main_thread 3660078 0 1721291434.1074176 3660078 end pytorch_dropout_forward
pt_main_thread 3660078 0 1721291434.1074283 3660078 end pytorch_call_impl
pt_main_thread 3660078 0 1721291434.107444 3660078 start pytorch_call_impl
pt_main_thread 3660078 0 1721291434.1074598 3660078 start pytorch_linear_forward
pt_main_thread 3660078 0 1721291434.11086 3660078 end pytorch_linear_forward
pt_main_thread 3660078 0 1721291434.1108656 3660078 end pytorch_call_impl
pt_main_thread 3660078 0 1721291434.1108775 3660078 start pytorch_call_impl
pt_main_thread 3660078 0 1721291434.1108866 3660078 start pytorch_dropout_forward
pt_main_thread 3660078 0 1721291434.1112163 3660078 end pytorch_dropout_forward
pt_main_thread 3660078 0 1721291434.1112196 3660078 end pytorch_call_impl
pt_main_thread 3660078 0 1721291434.111229 3660078 start pytorch_tensor_add
pt_main_thread 3660078 0 1721291434.1113756 3660078 end pytorch_tensor_add
pt_main_thread 3660078 0 1721291434.1113834 3660078 start pytorch_call_impl
pt_main_thread 3660078 0 1721291434.1115403 3660078 end pytorch_call_impl
pt_main_thread 3660078 0 1721291434.1115448 3660078 end pytorch_transformer_encoder_layer_forward
pt_main_thread 3660078 0 1721291434.111549 3660078 end pytorch_call_impl
pt_main_thread 3660078 0 1721291434.1115584 3660078 start pytorch_call_impl
pt_main_thread 3660078 0 1721291434.1115656 3660078 start pytorch_transformer_encoder_layer_forward
pt_main_thread 3660078 0 1721291434.1115894 3660078 start pytorch_call_impl
pt_main_thread 3660078 0 1721291434.1138237 3660078 end pytorch_call_impl
pt_main_thread 3660078 0 1721291434.1138365 3660078 start pytorch_call_impl
pt_main_thread 3660078 0 1721291434.1138465 3660078 start pytorch_dropout_forward
pt_main_thread 3660078 0 1721291434.1141243 3660078 end pytorch_dropout_forward
pt_main_thread 3660078 0 1721291434.1141279 3660078 end pytorch_call_impl
pt_main_thread 3660078 0 1721291434.114137 3660078 start pytorch_tensor_add
pt_main_thread 3660078 0 1721291434.1142614 3660078 end pytorch_tensor_add
pt_main_thread 3660078 0 1721291434.1142693 3660078 start pytorch_call_impl
pt_main_thread 3660078 0 1721291434.114418 3660078 end pytorch_call_impl
pt_main_thread 3660078 0 1721291434.1144297 3660078 start pytorch_call_impl
pt_main_thread 3660078 0 1721291434.1144361 3660078 start pytorch_linear_forward
pt_main_thread 3660078 0 1721291434.118651 3660078 end pytorch_linear_forward
pt_main_thread 3660078 0 1721291434.1186588 3660078 end pytorch_call_impl
pt_main_thread 3660078 0 1721291434.1186638 3660078 start pytorch_relu
pt_main_thread 3660078 0 1721291434.1207807 3660078 end pytorch_relu
pt_main_thread 3660078 0 1721291434.1221745 3660078 start pytorch_call_impl
pt_main_thread 3660078 0 1721291434.1221924 3660078 start pytorch_dropout_forward
pt_main_thread 3660078 0 1721291434.1319299 3660078 end pytorch_dropout_forward
pt_main_thread 3660078 0 1721291434.1319401 3660078 end pytorch_call_impl
pt_main_thread 3660078 0 1721291434.1319556 3660078 start pytorch_call_impl
pt_main_thread 3660078 0 1721291434.1319716 3660078 start pytorch_linear_forward
pt_main_thread 3660078 0 1721291434.13544 3660078 end pytorch_linear_forward
pt_main_thread 3660078 0 1721291434.1354468 3660078 end pytorch_call_impl
pt_main_thread 3660078 0 1721291434.1354594 3660078 start pytorch_call_impl
pt_main_thread 3660078 0 1721291434.1354697 3660078 start pytorch_dropout_forward
pt_main_thread 3660078 0 1721291434.135807 3660078 end pytorch_dropout_forward
pt_main_thread 3660078 0 1721291434.1358106 3660078 end pytorch_call_impl
pt_main_thread 3660078 0 1721291434.1358197 3660078 start pytorch_tensor_add
pt_main_thread 3660078 0 1721291434.135965 3660078 end pytorch_tensor_add
pt_main_thread 3660078 0 1721291434.1359725 3660078 start pytorch_call_impl
pt_main_thread 3660078 0 1721291434.1361365 3660078 end pytorch_call_impl
pt_main_thread 3660078 0 1721291434.1361413 3660078 end pytorch_transformer_encoder_layer_forward
pt_main_thread 3660078 0 1721291434.1361456 3660078 end pytorch_call_impl
pt_main_thread 3660078 0 1721291434.136157 3660078 start pytorch_call_impl
pt_main_thread 3660078 0 1721291434.136164 3660078 start pytorch_transformer_encoder_layer_forward
pt_main_thread 3660078 0 1721291434.1361873 3660078 start pytorch_call_impl
pt_main_thread 3660078 0 1721291434.1384802 3660078 end pytorch_call_impl
pt_main_thread 3660078 0 1721291434.1384945 3660078 start pytorch_call_impl
pt_main_thread 3660078 0 1721291434.138504 3660078 start pytorch_dropout_forward
pt_main_thread 3660078 0 1721291434.1387753 3660078 end pytorch_dropout_forward
pt_main_thread 3660078 0 1721291434.1387784 3660078 end pytorch_call_impl
pt_main_thread 3660078 0 1721291434.1387885 3660078 start pytorch_tensor_add
pt_main_thread 3660078 0 1721291434.1389158 3660078 end pytorch_tensor_add
pt_main_thread 3660078 0 1721291434.1389222 3660078 start pytorch_call_impl
pt_main_thread 3660078 0 1721291434.13907 3660078 end pytorch_call_impl
pt_main_thread 3660078 0 1721291434.1390812 3660078 start pytorch_call_impl
pt_main_thread 3660078 0 1721291434.1390877 3660078 start pytorch_linear_forward
pt_main_thread 3660078 0 1721291434.143289 3660078 end pytorch_linear_forward
pt_main_thread 3660078 0 1721291434.1432958 3660078 end pytorch_call_impl
pt_main_thread 3660078 0 1721291434.143301 3660078 start pytorch_relu
pt_main_thread 3660078 0 1721291434.145416 3660078 end pytorch_relu
pt_main_thread 3660078 0 1721291434.1468108 3660078 start pytorch_call_impl
pt_main_thread 3660078 0 1721291434.1468282 3660078 start pytorch_dropout_forward
pt_main_thread 3660078 0 1721291434.1565337 3660078 end pytorch_dropout_forward
pt_main_thread 3660078 0 1721291434.1565437 3660078 end pytorch_call_impl
pt_main_thread 3660078 0 1721291434.1565588 3660078 start pytorch_call_impl
pt_main_thread 3660078 0 1721291434.1565747 3660078 start pytorch_linear_forward
pt_main_thread 3660078 0 1721291434.1599407 3660078 end pytorch_linear_forward
pt_main_thread 3660078 0 1721291434.159947 3660078 end pytorch_call_impl
pt_main_thread 3660078 0 1721291434.1599576 3660078 start pytorch_call_impl
pt_main_thread 3660078 0 1721291434.160014 3660078 start pytorch_dropout_forward
pt_main_thread 3660078 0 1721291434.1603472 3660078 end pytorch_dropout_forward
pt_main_thread 3660078 0 1721291434.1603508 3660078 end pytorch_call_impl
pt_main_thread 3660078 0 1721291434.16037 3660078 start pytorch_tensor_add
pt_main_thread 3660078 0 1721291434.1605175 3660078 end pytorch_tensor_add
pt_main_thread 3660078 0 1721291434.1605248 3660078 start pytorch_call_impl
pt_main_thread 3660078 0 1721291434.1606803 3660078 end pytorch_call_impl
pt_main_thread 3660078 0 1721291434.160684 3660078 end pytorch_transformer_encoder_layer_forward
pt_main_thread 3660078 0 1721291434.1606884 3660078 end pytorch_call_impl
pt_main_thread 3660078 0 1721291434.1606982 3660078 start pytorch_call_impl
pt_main_thread 3660078 0 1721291434.1607053 3660078 start pytorch_transformer_encoder_layer_forward
pt_main_thread 3660078 0 1721291434.160727 3660078 start pytorch_call_impl
pt_main_thread 3660078 0 1721291434.1629817 3660078 end pytorch_call_impl
pt_main_thread 3660078 0 1721291434.1629941 3660078 start pytorch_call_impl
pt_main_thread 3660078 0 1721291434.1630032 3660078 start pytorch_dropout_forward
pt_main_thread 3660078 0 1721291434.163277 3660078 end pytorch_dropout_forward
pt_main_thread 3660078 0 1721291434.1632805 3660078 end pytorch_call_impl
pt_main_thread 3660078 0 1721291434.1632895 3660078 start pytorch_tensor_add
pt_main_thread 3660078 0 1721291434.163416 3660078 end pytorch_tensor_add
pt_main_thread 3660078 0 1721291434.163423 3660078 start pytorch_call_impl
pt_main_thread 3660078 0 1721291434.1635778 3660078 end pytorch_call_impl
pt_main_thread 3660078 0 1721291434.16359 3660078 start pytorch_call_impl
pt_main_thread 3660078 0 1721291434.1635957 3660078 start pytorch_linear_forward
pt_main_thread 3660078 0 1721291434.1679032 3660078 end pytorch_linear_forward
pt_main_thread 3660078 0 1721291434.1679118 3660078 end pytorch_call_impl
pt_main_thread 3660078 0 1721291434.1679158 3660078 start pytorch_relu
pt_main_thread 3660078 0 1721291434.1700425 3660078 end pytorch_relu
pt_main_thread 3660078 0 1721291434.1714358 3660078 start pytorch_call_impl
pt_main_thread 3660078 0 1721291434.171452 3660078 start pytorch_dropout_forward
pt_main_thread 3660078 0 1721291434.18115 3660078 end pytorch_dropout_forward
pt_main_thread 3660078 0 1721291434.1811604 3660078 end pytorch_call_impl
pt_main_thread 3660078 0 1721291434.1811755 3660078 start pytorch_call_impl
pt_main_thread 3660078 0 1721291434.1811895 3660078 start pytorch_linear_forward
pt_main_thread 3660078 0 1721291434.1845403 3660078 end pytorch_linear_forward
pt_main_thread 3660078 0 1721291434.1845474 3660078 end pytorch_call_impl
pt_main_thread 3660078 0 1721291434.1845589 3660078 start pytorch_call_impl
pt_main_thread 3660078 0 1721291434.1845677 3660078 start pytorch_dropout_forward
pt_main_thread 3660078 0 1721291434.1848927 3660078 end pytorch_dropout_forward
pt_main_thread 3660078 0 1721291434.1848962 3660078 end pytorch_call_impl
pt_main_thread 3660078 0 1721291434.1849055 3660078 start pytorch_tensor_add
pt_main_thread 3660078 0 1721291434.1850526 3660078 end pytorch_tensor_add
pt_main_thread 3660078 0 1721291434.185059 3660078 start pytorch_call_impl
pt_main_thread 3660078 0 1721291434.1852126 3660078 end pytorch_call_impl
pt_main_thread 3660078 0 1721291434.1852164 3660078 end pytorch_transformer_encoder_layer_forward
pt_main_thread 3660078 0 1721291434.1852212 3660078 end pytorch_call_impl
pt_main_thread 3660078 0 1721291434.1852307 3660078 start pytorch_call_impl
pt_main_thread 3660078 0 1721291434.1852376 3660078 start pytorch_transformer_encoder_layer_forward
pt_main_thread 3660078 0 1721291434.1852605 3660078 start pytorch_call_impl
pt_main_thread 3660078 0 1721291434.1874444 3660078 end pytorch_call_impl
pt_main_thread 3660078 0 1721291434.1874568 3660078 start pytorch_call_impl
pt_main_thread 3660078 0 1721291434.1874654 3660078 start pytorch_dropout_forward
pt_main_thread 3660078 0 1721291434.1877387 3660078 end pytorch_dropout_forward
pt_main_thread 3660078 0 1721291434.187743 3660078 end pytorch_call_impl
pt_main_thread 3660078 0 1721291434.1877525 3660078 start pytorch_tensor_add
pt_main_thread 3660078 0 1721291434.1878722 3660078 end pytorch_tensor_add
pt_main_thread 3660078 0 1721291434.1878786 3660078 start pytorch_call_impl
pt_main_thread 3660078 0 1721291434.188032 3660078 end pytorch_call_impl
pt_main_thread 3660078 0 1721291434.1880438 3660078 start pytorch_call_impl
pt_main_thread 3660078 0 1721291434.1880503 3660078 start pytorch_linear_forward
pt_main_thread 3660078 0 1721291434.192269 3660078 end pytorch_linear_forward
pt_main_thread 3660078 0 1721291434.1922762 3660078 end pytorch_call_impl
pt_main_thread 3660078 0 1721291434.1922812 3660078 start pytorch_relu
pt_main_thread 3660078 0 1721291434.194378 3660078 end pytorch_relu
pt_main_thread 3660078 0 1721291434.1955497 3660078 start pytorch_call_impl
pt_main_thread 3660078 0 1721291434.195568 3660078 start pytorch_dropout_forward
pt_main_thread 3660078 0 1721291434.2049208 3660078 end pytorch_dropout_forward
pt_main_thread 3660078 0 1721291434.2049325 3660078 end pytorch_call_impl
pt_main_thread 3660078 0 1721291434.2049477 3660078 start pytorch_call_impl
pt_main_thread 3660078 0 1721291434.2049608 3660078 start pytorch_linear_forward
pt_main_thread 3660078 0 1721291434.208331 3660078 end pytorch_linear_forward
pt_main_thread 3660078 0 1721291434.2083373 3660078 end pytorch_call_impl
pt_main_thread 3660078 0 1721291434.208349 3660078 start pytorch_call_impl
pt_main_thread 3660078 0 1721291434.2083676 3660078 start pytorch_dropout_forward
pt_main_thread 3660078 0 1721291434.2086966 3660078 end pytorch_dropout_forward
pt_main_thread 3660078 0 1721291434.2086997 3660078 end pytorch_call_impl
pt_main_thread 3660078 0 1721291434.2087088 3660078 start pytorch_tensor_add
pt_main_thread 3660078 0 1721291434.2088532 3660078 end pytorch_tensor_add
pt_main_thread 3660078 0 1721291434.20886 3660078 start pytorch_call_impl
pt_main_thread 3660078 0 1721291434.2090163 3660078 end pytorch_call_impl
pt_main_thread 3660078 0 1721291434.2090206 3660078 end pytorch_transformer_encoder_layer_forward
pt_main_thread 3660078 0 1721291434.2090254 3660078 end pytorch_call_impl
pt_main_thread 3660078 0 1721291434.2090364 3660078 start pytorch_call_impl
pt_main_thread 3660078 0 1721291434.2091727 3660078 end pytorch_call_impl
pt_main_thread 3660078 0 1721291434.2091765 3660078 end pytorch_transformer_encoder_forward
pt_main_thread 3660078 0 1721291434.20918 3660078 end pytorch_call_impl
pt_main_thread 3660078 0 1721291434.209194 3660078 start pytorch_call_impl
pt_main_thread 3660078 0 1721291434.2092059 3660078 start pytorch_transformer_decoder_forward
pt_main_thread 3660078 0 1721291434.2092526 3660078 start pytorch_call_impl
pt_main_thread 3660078 0 1721291434.2092624 3660078 start pytorch_transformer_decoder_layer_forward
pt_main_thread 3660078 0 1721291434.2092712 3660078 start pytorch_call_impl
pt_main_thread 3660078 0 1721291434.2116098 3660078 end pytorch_call_impl
pt_main_thread 3660078 0 1721291434.2116237 3660078 start pytorch_call_impl
pt_main_thread 3660078 0 1721291434.2116334 3660078 start pytorch_dropout_forward
pt_main_thread 3660078 0 1721291434.2119033 3660078 end pytorch_dropout_forward
pt_main_thread 3660078 0 1721291434.2119067 3660078 end pytorch_call_impl
pt_main_thread 3660078 0 1721291434.2119153 3660078 start pytorch_tensor_add
pt_main_thread 3660078 0 1721291434.2120428 3660078 end pytorch_tensor_add
pt_main_thread 3660078 0 1721291434.2120492 3660078 start pytorch_call_impl
pt_main_thread 3660078 0 1721291434.2121973 3660078 end pytorch_call_impl
pt_main_thread 3660078 0 1721291434.2122095 3660078 start pytorch_call_impl
pt_main_thread 3660078 0 1721291434.2147584 3660078 end pytorch_call_impl
pt_main_thread 3660078 0 1721291434.2147722 3660078 start pytorch_call_impl
pt_main_thread 3660078 0 1721291434.2147813 3660078 start pytorch_dropout_forward
pt_main_thread 3660078 0 1721291434.215055 3660078 end pytorch_dropout_forward
pt_main_thread 3660078 0 1721291434.215059 3660078 end pytorch_call_impl
pt_main_thread 3660078 0 1721291434.2151124 3660078 start pytorch_tensor_add
pt_main_thread 3660078 0 1721291434.2152472 3660078 end pytorch_tensor_add
pt_main_thread 3660078 0 1721291434.2152538 3660078 start pytorch_call_impl
pt_main_thread 3660078 0 1721291434.2154045 3660078 end pytorch_call_impl
pt_main_thread 3660078 0 1721291434.2154186 3660078 start pytorch_call_impl
pt_main_thread 3660078 0 1721291434.215425 3660078 start pytorch_linear_forward
pt_main_thread 3660078 0 1721291434.2197022 3660078 end pytorch_linear_forward
pt_main_thread 3660078 0 1721291434.2197092 3660078 end pytorch_call_impl
pt_main_thread 3660078 0 1721291434.2197134 3660078 start pytorch_relu
pt_main_thread 3660078 0 1721291434.221787 3660078 end pytorch_relu
pt_main_thread 3660078 0 1721291434.222964 3660078 start pytorch_call_impl
pt_main_thread 3660078 0 1721291434.2229815 3660078 start pytorch_dropout_forward
pt_main_thread 3660078 0 1721291434.2323108 3660078 end pytorch_dropout_forward
pt_main_thread 3660078 0 1721291434.2323213 3660078 end pytorch_call_impl
pt_main_thread 3660078 0 1721291434.2323356 3660078 start pytorch_call_impl
pt_main_thread 3660078 0 1721291434.2323492 3660078 start pytorch_linear_forward
pt_main_thread 3660078 0 1721291434.2357028 3660078 end pytorch_linear_forward
pt_main_thread 3660078 0 1721291434.2357094 3660078 end pytorch_call_impl
pt_main_thread 3660078 0 1721291434.2357206 3660078 start pytorch_call_impl
pt_main_thread 3660078 0 1721291434.2357297 3660078 start pytorch_dropout_forward
pt_main_thread 3660078 0 1721291434.2360537 3660078 end pytorch_dropout_forward
pt_main_thread 3660078 0 1721291434.236057 3660078 end pytorch_call_impl
pt_main_thread 3660078 0 1721291434.2360659 3660078 start pytorch_tensor_add
pt_main_thread 3660078 0 1721291434.2362113 3660078 end pytorch_tensor_add
pt_main_thread 3660078 0 1721291434.236219 3660078 start pytorch_call_impl
pt_main_thread 3660078 0 1721291434.236384 3660078 end pytorch_call_impl
pt_main_thread 3660078 0 1721291434.2363882 3660078 end pytorch_transformer_decoder_layer_forward
pt_main_thread 3660078 0 1721291434.2363923 3660078 end pytorch_call_impl
pt_main_thread 3660078 0 1721291434.2364028 3660078 start pytorch_call_impl
pt_main_thread 3660078 0 1721291434.2364106 3660078 start pytorch_transformer_decoder_layer_forward
pt_main_thread 3660078 0 1721291434.2364206 3660078 start pytorch_call_impl
pt_main_thread 3660078 0 1721291434.23862 3660078 end pytorch_call_impl
pt_main_thread 3660078 0 1721291434.2386336 3660078 start pytorch_call_impl
pt_main_thread 3660078 0 1721291434.2386425 3660078 start pytorch_dropout_forward
pt_main_thread 3660078 0 1721291434.2389138 3660078 end pytorch_dropout_forward
pt_main_thread 3660078 0 1721291434.238917 3660078 end pytorch_call_impl
pt_main_thread 3660078 0 1721291434.2389262 3660078 start pytorch_tensor_add
pt_main_thread 3660078 0 1721291434.239044 3660078 end pytorch_tensor_add
pt_main_thread 3660078 0 1721291434.2390509 3660078 start pytorch_call_impl
pt_main_thread 3660078 0 1721291434.2391975 3660078 end pytorch_call_impl
pt_main_thread 3660078 0 1721291434.2392082 3660078 start pytorch_call_impl
pt_main_thread 3660078 0 1721291434.2418199 3660078 end pytorch_call_impl
pt_main_thread 3660078 0 1721291434.2418337 3660078 start pytorch_call_impl
pt_main_thread 3660078 0 1721291434.241843 3660078 start pytorch_dropout_forward
pt_main_thread 3660078 0 1721291434.2421184 3660078 end pytorch_dropout_forward
pt_main_thread 3660078 0 1721291434.2421215 3660078 end pytorch_call_impl
pt_main_thread 3660078 0 1721291434.2421296 3660078 start pytorch_tensor_add
pt_main_thread 3660078 0 1721291434.2422633 3660078 end pytorch_tensor_add
pt_main_thread 3660078 0 1721291434.24227 3660078 start pytorch_call_impl
pt_main_thread 3660078 0 1721291434.242428 3660078 end pytorch_call_impl
pt_main_thread 3660078 0 1721291434.2424397 3660078 start pytorch_call_impl
pt_main_thread 3660078 0 1721291434.2424464 3660078 start pytorch_linear_forward
pt_main_thread 3660078 0 1721291434.2467752 3660078 end pytorch_linear_forward
pt_main_thread 3660078 0 1721291434.246783 3660078 end pytorch_call_impl
pt_main_thread 3660078 0 1721291434.2467878 3660078 start pytorch_relu
pt_main_thread 3660078 0 1721291434.24893 3660078 end pytorch_relu
pt_main_thread 3660078 0 1721291434.2501297 3660078 start pytorch_call_impl
pt_main_thread 3660078 0 1721291434.250147 3660078 start pytorch_dropout_forward
pt_main_thread 3660078 0 1721291434.259628 3660078 end pytorch_dropout_forward
pt_main_thread 3660078 0 1721291434.2596388 3660078 end pytorch_call_impl
pt_main_thread 3660078 0 1721291434.2596543 3660078 start pytorch_call_impl
pt_main_thread 3660078 0 1721291434.2596688 3660078 start pytorch_linear_forward
pt_main_thread 3660078 0 1721291434.2630064 3660078 end pytorch_linear_forward
pt_main_thread 3660078 0 1721291434.263013 3660078 end pytorch_call_impl
pt_main_thread 3660078 0 1721291434.263025 3660078 start pytorch_call_impl
pt_main_thread 3660078 0 1721291434.2630346 3660078 start pytorch_dropout_forward
pt_main_thread 3660078 0 1721291434.2633677 3660078 end pytorch_dropout_forward
pt_main_thread 3660078 0 1721291434.263371 3660078 end pytorch_call_impl
pt_main_thread 3660078 0 1721291434.2633803 3660078 start pytorch_tensor_add
pt_main_thread 3660078 0 1721291434.2635276 3660078 end pytorch_tensor_add
pt_main_thread 3660078 0 1721291434.2635348 3660078 start pytorch_call_impl
pt_main_thread 3660078 0 1721291434.2636924 3660078 end pytorch_call_impl
pt_main_thread 3660078 0 1721291434.2636964 3660078 end pytorch_transformer_decoder_layer_forward
pt_main_thread 3660078 0 1721291434.2637007 3660078 end pytorch_call_impl
pt_main_thread 3660078 0 1721291434.2637122 3660078 start pytorch_call_impl
pt_main_thread 3660078 0 1721291434.2637188 3660078 start pytorch_transformer_decoder_layer_forward
pt_main_thread 3660078 0 1721291434.2637289 3660078 start pytorch_call_impl
pt_main_thread 3660078 0 1721291434.2659616 3660078 end pytorch_call_impl
pt_main_thread 3660078 0 1721291434.2659752 3660078 start pytorch_call_impl
pt_main_thread 3660078 0 1721291434.2659838 3660078 start pytorch_dropout_forward
pt_main_thread 3660078 0 1721291434.2662556 3660078 end pytorch_dropout_forward
pt_main_thread 3660078 0 1721291434.2662592 3660078 end pytorch_call_impl
pt_main_thread 3660078 0 1721291434.266268 3660078 start pytorch_tensor_add
pt_main_thread 3660078 0 1721291434.2663953 3660078 end pytorch_tensor_add
pt_main_thread 3660078 0 1721291434.2664018 3660078 start pytorch_call_impl
pt_main_thread 3660078 0 1721291434.2665465 3660078 end pytorch_call_impl
pt_main_thread 3660078 0 1721291434.2665567 3660078 start pytorch_call_impl
pt_main_thread 3660078 0 1721291434.26913 3660078 end pytorch_call_impl
pt_main_thread 3660078 0 1721291434.2691429 3660078 start pytorch_call_impl
pt_main_thread 3660078 0 1721291434.2691507 3660078 start pytorch_dropout_forward
pt_main_thread 3660078 0 1721291434.2694178 3660078 end pytorch_dropout_forward
pt_main_thread 3660078 0 1721291434.2694216 3660078 end pytorch_call_impl
pt_main_thread 3660078 0 1721291434.2694306 3660078 start pytorch_tensor_add
pt_main_thread 3660078 0 1721291434.2695644 3660078 end pytorch_tensor_add
pt_main_thread 3660078 0 1721291434.2695708 3660078 start pytorch_call_impl
pt_main_thread 3660078 0 1721291434.2697272 3660078 end pytorch_call_impl
pt_main_thread 3660078 0 1721291434.2697382 3660078 start pytorch_call_impl
pt_main_thread 3660078 0 1721291434.2697449 3660078 start pytorch_linear_forward
pt_main_thread 3660078 0 1721291434.2740455 3660078 end pytorch_linear_forward
pt_main_thread 3660078 0 1721291434.274052 3660078 end pytorch_call_impl
pt_main_thread 3660078 0 1721291434.2740571 3660078 start pytorch_relu
pt_main_thread 3660078 0 1721291434.2762074 3660078 end pytorch_relu
pt_main_thread 3660078 0 1721291434.2774224 3660078 start pytorch_call_impl
pt_main_thread 3660078 0 1721291434.277439 3660078 start pytorch_dropout_forward
pt_main_thread 3660078 0 1721291434.2877285 3660078 end pytorch_dropout_forward
pt_main_thread 3660078 0 1721291434.2877405 3660078 end pytorch_call_impl
pt_main_thread 3660078 0 1721291434.2878044 3660078 start pytorch_call_impl
pt_main_thread 3660078 0 1721291434.2878206 3660078 start pytorch_linear_forward
pt_main_thread 3660078 0 1721291434.2911916 3660078 end pytorch_linear_forward
pt_main_thread 3660078 0 1721291434.291199 3660078 end pytorch_call_impl
pt_main_thread 3660078 0 1721291434.291211 3660078 start pytorch_call_impl
pt_main_thread 3660078 0 1721291434.291222 3660078 start pytorch_dropout_forward
pt_main_thread 3660078 0 1721291434.2915702 3660078 end pytorch_dropout_forward
pt_main_thread 3660078 0 1721291434.2915738 3660078 end pytorch_call_impl
pt_main_thread 3660078 0 1721291434.2915823 3660078 start pytorch_tensor_add
pt_main_thread 3660078 0 1721291434.2917256 3660078 end pytorch_tensor_add
pt_main_thread 3660078 0 1721291434.2917328 3660078 start pytorch_call_impl
pt_main_thread 3660078 0 1721291434.291886 3660078 end pytorch_call_impl
pt_main_thread 3660078 0 1721291434.2918901 3660078 end pytorch_transformer_decoder_layer_forward
pt_main_thread 3660078 0 1721291434.291894 3660078 end pytorch_call_impl
pt_main_thread 3660078 0 1721291434.2919044 3660078 start pytorch_call_impl
pt_main_thread 3660078 0 1721291434.2919116 3660078 start pytorch_transformer_decoder_layer_forward
pt_main_thread 3660078 0 1721291434.2919207 3660078 start pytorch_call_impl
pt_main_thread 3660078 0 1721291434.2941294 3660078 end pytorch_call_impl
pt_main_thread 3660078 0 1721291434.2941434 3660078 start pytorch_call_impl
pt_main_thread 3660078 0 1721291434.294152 3660078 start pytorch_dropout_forward
pt_main_thread 3660078 0 1721291434.2944155 3660078 end pytorch_dropout_forward
pt_main_thread 3660078 0 1721291434.2944186 3660078 end pytorch_call_impl
pt_main_thread 3660078 0 1721291434.294427 3660078 start pytorch_tensor_add
pt_main_thread 3660078 0 1721291434.2945466 3660078 end pytorch_tensor_add
pt_main_thread 3660078 0 1721291434.2945535 3660078 start pytorch_call_impl
pt_main_thread 3660078 0 1721291434.2947042 3660078 end pytorch_call_impl
pt_main_thread 3660078 0 1721291434.2947135 3660078 start pytorch_call_impl
pt_main_thread 3660078 0 1721291434.2972546 3660078 end pytorch_call_impl
pt_main_thread 3660078 0 1721291434.2972684 3660078 start pytorch_call_impl
pt_main_thread 3660078 0 1721291434.297277 3660078 start pytorch_dropout_forward
pt_main_thread 3660078 0 1721291434.297544 3660078 end pytorch_dropout_forward
pt_main_thread 3660078 0 1721291434.2975476 3660078 end pytorch_call_impl
pt_main_thread 3660078 0 1721291434.2975564 3660078 start pytorch_tensor_add
pt_main_thread 3660078 0 1721291434.2976828 3660078 end pytorch_tensor_add
pt_main_thread 3660078 0 1721291434.2976892 3660078 start pytorch_call_impl
pt_main_thread 3660078 0 1721291434.297833 3660078 end pytorch_call_impl
pt_main_thread 3660078 0 1721291434.2978437 3660078 start pytorch_call_impl
pt_main_thread 3660078 0 1721291434.29785 3660078 start pytorch_linear_forward
pt_main_thread 3660078 0 1721291434.3021116 3660078 end pytorch_linear_forward
pt_main_thread 3660078 0 1721291434.3021185 3660078 end pytorch_call_impl
pt_main_thread 3660078 0 1721291434.3021235 3660078 start pytorch_relu
pt_main_thread 3660078 0 1721291434.3042593 3660078 end pytorch_relu
pt_main_thread 3660078 0 1721291434.3053353 3660078 start pytorch_call_impl
pt_main_thread 3660078 0 1721291434.3053517 3660078 start pytorch_dropout_forward
pt_main_thread 3660078 0 1721291434.314432 3660078 end pytorch_dropout_forward
pt_main_thread 3660078 0 1721291434.314442 3660078 end pytorch_call_impl
pt_main_thread 3660078 0 1721291434.3144562 3660078 start pytorch_call_impl
pt_main_thread 3660078 0 1721291434.314472 3660078 start pytorch_linear_forward
pt_main_thread 3660078 0 1721291434.317784 3660078 end pytorch_linear_forward
pt_main_thread 3660078 0 1721291434.3177907 3660078 end pytorch_call_impl
pt_main_thread 3660078 0 1721291434.3178012 3660078 start pytorch_call_impl
pt_main_thread 3660078 0 1721291434.3178105 3660078 start pytorch_dropout_forward
pt_main_thread 3660078 0 1721291434.3181298 3660078 end pytorch_dropout_forward
pt_main_thread 3660078 0 1721291434.3181329 3660078 end pytorch_call_impl
pt_main_thread 3660078 0 1721291434.3181422 3660078 start pytorch_tensor_add
pt_main_thread 3660078 0 1721291434.31829 3660078 end pytorch_tensor_add
pt_main_thread 3660078 0 1721291434.3182976 3660078 start pytorch_call_impl
pt_main_thread 3660078 0 1721291434.3184505 3660078 end pytorch_call_impl
pt_main_thread 3660078 0 1721291434.3184547 3660078 end pytorch_transformer_decoder_layer_forward
pt_main_thread 3660078 0 1721291434.3184588 3660078 end pytorch_call_impl
pt_main_thread 3660078 0 1721291434.3184695 3660078 start pytorch_call_impl
pt_main_thread 3660078 0 1721291434.3184772 3660078 start pytorch_transformer_decoder_layer_forward
pt_main_thread 3660078 0 1721291434.318486 3660078 start pytorch_call_impl
pt_main_thread 3660078 0 1721291434.3206964 3660078 end pytorch_call_impl
pt_main_thread 3660078 0 1721291434.3207102 3660078 start pytorch_call_impl
pt_main_thread 3660078 0 1721291434.3207185 3660078 start pytorch_dropout_forward
pt_main_thread 3660078 0 1721291434.3209856 3660078 end pytorch_dropout_forward
pt_main_thread 3660078 0 1721291434.320989 3660078 end pytorch_call_impl
pt_main_thread 3660078 0 1721291434.3209977 3660078 start pytorch_tensor_add
pt_main_thread 3660078 0 1721291434.321114 3660078 end pytorch_tensor_add
pt_main_thread 3660078 0 1721291434.3211207 3660078 start pytorch_call_impl
pt_main_thread 3660078 0 1721291434.3212676 3660078 end pytorch_call_impl
pt_main_thread 3660078 0 1721291434.3212786 3660078 start pytorch_call_impl
pt_main_thread 3660078 0 1721291434.3237808 3660078 end pytorch_call_impl
pt_main_thread 3660078 0 1721291434.3237936 3660078 start pytorch_call_impl
pt_main_thread 3660078 0 1721291434.3238015 3660078 start pytorch_dropout_forward
pt_main_thread 3660078 0 1721291434.324067 3660078 end pytorch_dropout_forward
pt_main_thread 3660078 0 1721291434.3240705 3660078 end pytorch_call_impl
pt_main_thread 3660078 0 1721291434.3240786 3660078 start pytorch_tensor_add
pt_main_thread 3660078 0 1721291434.324206 3660078 end pytorch_tensor_add
pt_main_thread 3660078 0 1721291434.324213 3660078 start pytorch_call_impl
pt_main_thread 3660078 0 1721291434.3243725 3660078 end pytorch_call_impl
pt_main_thread 3660078 0 1721291434.3243847 3660078 start pytorch_call_impl
pt_main_thread 3660078 0 1721291434.3243914 3660078 start pytorch_linear_forward
pt_main_thread 3660078 0 1721291434.3286695 3660078 end pytorch_linear_forward
pt_main_thread 3660078 0 1721291434.3286772 3660078 end pytorch_call_impl
pt_main_thread 3660078 0 1721291434.3286817 3660078 start pytorch_relu
pt_main_thread 3660078 0 1721291434.3307095 3660078 end pytorch_relu
pt_main_thread 3660078 0 1721291434.331751 3660078 start pytorch_call_impl
pt_main_thread 3660078 0 1721291434.3317664 3660078 start pytorch_dropout_forward
pt_main_thread 3660078 0 1721291434.3409746 3660078 end pytorch_dropout_forward
pt_main_thread 3660078 0 1721291434.3409863 3660078 end pytorch_call_impl
pt_main_thread 3660078 0 1721291434.341003 3660078 start pytorch_call_impl
pt_main_thread 3660078 0 1721291434.3410184 3660078 start pytorch_linear_forward
pt_main_thread 3660078 0 1721291434.3443282 3660078 end pytorch_linear_forward
pt_main_thread 3660078 0 1721291434.3443344 3660078 end pytorch_call_impl
pt_main_thread 3660078 0 1721291434.344346 3660078 start pytorch_call_impl
pt_main_thread 3660078 0 1721291434.3443692 3660078 start pytorch_dropout_forward
pt_main_thread 3660078 0 1721291434.3446949 3660078 end pytorch_dropout_forward
pt_main_thread 3660078 0 1721291434.344698 3660078 end pytorch_call_impl
pt_main_thread 3660078 0 1721291434.344707 3660078 start pytorch_tensor_add
pt_main_thread 3660078 0 1721291434.34485 3660078 end pytorch_tensor_add
pt_main_thread 3660078 0 1721291434.3448577 3660078 start pytorch_call_impl
pt_main_thread 3660078 0 1721291434.345013 3660078 end pytorch_call_impl
pt_main_thread 3660078 0 1721291434.3450177 3660078 end pytorch_transformer_decoder_layer_forward
pt_main_thread 3660078 0 1721291434.3450217 3660078 end pytorch_call_impl
pt_main_thread 3660078 0 1721291434.3450787 3660078 start pytorch_call_impl
pt_main_thread 3660078 0 1721291434.3450868 3660078 start pytorch_transformer_decoder_layer_forward
pt_main_thread 3660078 0 1721291434.345096 3660078 start pytorch_call_impl
pt_main_thread 3660078 0 1721291434.347285 3660078 end pytorch_call_impl
pt_main_thread 3660078 0 1721291434.3472974 3660078 start pytorch_call_impl
pt_main_thread 3660078 0 1721291434.3473055 3660078 start pytorch_dropout_forward
pt_main_thread 3660078 0 1721291434.3475728 3660078 end pytorch_dropout_forward
pt_main_thread 3660078 0 1721291434.3475764 3660078 end pytorch_call_impl
pt_main_thread 3660078 0 1721291434.3475857 3660078 start pytorch_tensor_add
pt_main_thread 3660078 0 1721291434.3477027 3660078 end pytorch_tensor_add
pt_main_thread 3660078 0 1721291434.3477097 3660078 start pytorch_call_impl
pt_main_thread 3660078 0 1721291434.347855 3660078 end pytorch_call_impl
pt_main_thread 3660078 0 1721291434.3478644 3660078 start pytorch_call_impl
pt_main_thread 3660078 0 1721291434.3504066 3660078 end pytorch_call_impl
pt_main_thread 3660078 0 1721291434.3504202 3660078 start pytorch_call_impl
pt_main_thread 3660078 0 1721291434.3504293 3660078 start pytorch_dropout_forward
pt_main_thread 3660078 0 1721291434.3506944 3660078 end pytorch_dropout_forward
pt_main_thread 3660078 0 1721291434.350698 3660078 end pytorch_call_impl
pt_main_thread 3660078 0 1721291434.3507063 3660078 start pytorch_tensor_add
pt_main_thread 3660078 0 1721291434.350835 3660078 end pytorch_tensor_add
pt_main_thread 3660078 0 1721291434.350841 3660078 start pytorch_call_impl
pt_main_thread 3660078 0 1721291434.3509889 3660078 end pytorch_call_impl
pt_main_thread 3660078 0 1721291434.3509998 3660078 start pytorch_call_impl
pt_main_thread 3660078 0 1721291434.3510067 3660078 start pytorch_linear_forward
pt_main_thread 3660078 0 1721291434.3553183 3660078 end pytorch_linear_forward
pt_main_thread 3660078 0 1721291434.3553257 3660078 end pytorch_call_impl
pt_main_thread 3660078 0 1721291434.3553307 3660078 start pytorch_relu
pt_main_thread 3660078 0 1721291434.357395 3660078 end pytorch_relu
pt_main_thread 3660078 0 1721291434.3584378 3660078 start pytorch_call_impl
pt_main_thread 3660078 0 1721291434.358454 3660078 start pytorch_dropout_forward
pt_main_thread 3660078 0 1721291434.3676374 3660078 end pytorch_dropout_forward
pt_main_thread 3660078 0 1721291434.367648 3660078 end pytorch_call_impl
pt_main_thread 3660078 0 1721291434.3676631 3660078 start pytorch_call_impl
pt_main_thread 3660078 0 1721291434.3676775 3660078 start pytorch_linear_forward
pt_main_thread 3660078 0 1721291434.3709793 3660078 end pytorch_linear_forward
pt_main_thread 3660078 0 1721291434.3709857 3660078 end pytorch_call_impl
pt_main_thread 3660078 0 1721291434.3709962 3660078 start pytorch_call_impl
pt_main_thread 3660078 0 1721291434.3710046 3660078 start pytorch_dropout_forward
pt_main_thread 3660078 0 1721291434.3713257 3660078 end pytorch_dropout_forward
pt_main_thread 3660078 0 1721291434.371329 3660078 end pytorch_call_impl
pt_main_thread 3660078 0 1721291434.371339 3660078 start pytorch_tensor_add
pt_main_thread 3660078 0 1721291434.3714805 3660078 end pytorch_tensor_add
pt_main_thread 3660078 0 1721291434.3714874 3660078 start pytorch_call_impl
pt_main_thread 3660078 0 1721291434.3716388 3660078 end pytorch_call_impl
pt_main_thread 3660078 0 1721291434.371643 3660078 end pytorch_transformer_decoder_layer_forward
pt_main_thread 3660078 0 1721291434.3716471 3660078 end pytorch_call_impl
pt_main_thread 3660078 0 1721291434.3716586 3660078 start pytorch_call_impl
pt_main_thread 3660078 0 1721291434.3716652 3660078 start pytorch_transformer_decoder_layer_forward
pt_main_thread 3660078 0 1721291434.371674 3660078 start pytorch_call_impl
pt_main_thread 3660078 0 1721291434.3738742 3660078 end pytorch_call_impl
pt_main_thread 3660078 0 1721291434.3738883 3660078 start pytorch_call_impl
pt_main_thread 3660078 0 1721291434.3738966 3660078 start pytorch_dropout_forward
pt_main_thread 3660078 0 1721291434.3741612 3660078 end pytorch_dropout_forward
pt_main_thread 3660078 0 1721291434.3741643 3660078 end pytorch_call_impl
pt_main_thread 3660078 0 1721291434.3741734 3660078 start pytorch_tensor_add
pt_main_thread 3660078 0 1721291434.3742948 3660078 end pytorch_tensor_add
pt_main_thread 3660078 0 1721291434.3743017 3660078 start pytorch_call_impl
pt_main_thread 3660078 0 1721291434.374453 3660078 end pytorch_call_impl
pt_main_thread 3660078 0 1721291434.3744621 3660078 start pytorch_call_impl
pt_main_thread 3660078 0 1721291434.3769999 3660078 end pytorch_call_impl
pt_main_thread 3660078 0 1721291434.377013 3660078 start pytorch_call_impl
pt_main_thread 3660078 0 1721291434.3770218 3660078 start pytorch_dropout_forward
pt_main_thread 3660078 0 1721291434.3772838 3660078 end pytorch_dropout_forward
pt_main_thread 3660078 0 1721291434.3772871 3660078 end pytorch_call_impl
pt_main_thread 3660078 0 1721291434.3772962 3660078 start pytorch_tensor_add
pt_main_thread 3660078 0 1721291434.3774252 3660078 end pytorch_tensor_add
pt_main_thread 3660078 0 1721291434.3774316 3660078 start pytorch_call_impl
pt_main_thread 3660078 0 1721291434.377581 3660078 end pytorch_call_impl
pt_main_thread 3660078 0 1721291434.3775916 3660078 start pytorch_call_impl
pt_main_thread 3660078 0 1721291434.377598 3660078 start pytorch_linear_forward
pt_main_thread 3660078 0 1721291434.3818636 3660078 end pytorch_linear_forward
pt_main_thread 3660078 0 1721291434.3818715 3660078 end pytorch_call_impl
pt_main_thread 3660078 0 1721291434.3818758 3660078 start pytorch_relu
pt_main_thread 3660078 0 1721291434.383875 3660078 end pytorch_relu
pt_main_thread 3660078 0 1721291434.3849437 3660078 start pytorch_call_impl
pt_main_thread 3660078 0 1721291434.3849595 3660078 start pytorch_dropout_forward
pt_main_thread 3660078 0 1721291434.3941116 3660078 end pytorch_dropout_forward
pt_main_thread 3660078 0 1721291434.394122 3660078 end pytorch_call_impl
pt_main_thread 3660078 0 1721291434.3941364 3660078 start pytorch_call_impl
pt_main_thread 3660078 0 1721291434.3941522 3660078 start pytorch_linear_forward
pt_main_thread 3660078 0 1721291434.3974845 3660078 end pytorch_linear_forward
pt_main_thread 3660078 0 1721291434.3974912 3660078 end pytorch_call_impl
pt_main_thread 3660078 0 1721291434.3975017 3660078 start pytorch_call_impl
pt_main_thread 3660078 0 1721291434.3975108 3660078 start pytorch_dropout_forward
pt_main_thread 3660078 0 1721291434.3978326 3660078 end pytorch_dropout_forward
pt_main_thread 3660078 0 1721291434.397836 3660078 end pytorch_call_impl
pt_main_thread 3660078 0 1721291434.3978453 3660078 start pytorch_tensor_add
pt_main_thread 3660078 0 1721291434.3979867 3660078 end pytorch_tensor_add
pt_main_thread 3660078 0 1721291434.3979936 3660078 start pytorch_call_impl
pt_main_thread 3660078 0 1721291434.3981469 3660078 end pytorch_call_impl
pt_main_thread 3660078 0 1721291434.3981512 3660078 end pytorch_transformer_decoder_layer_forward
pt_main_thread 3660078 0 1721291434.3981552 3660078 end pytorch_call_impl
pt_main_thread 3660078 0 1721291434.3981671 3660078 start pytorch_call_impl
pt_main_thread 3660078 0 1721291434.3981743 3660078 start pytorch_transformer_decoder_layer_forward
pt_main_thread 3660078 0 1721291434.3981826 3660078 start pytorch_call_impl
pt_main_thread 3660078 0 1721291434.400377 3660078 end pytorch_call_impl
pt_main_thread 3660078 0 1721291434.4003894 3660078 start pytorch_call_impl
pt_main_thread 3660078 0 1721291434.400398 3660078 start pytorch_dropout_forward
pt_main_thread 3660078 0 1721291434.4006667 3660078 end pytorch_dropout_forward
pt_main_thread 3660078 0 1721291434.40067 3660078 end pytorch_call_impl
pt_main_thread 3660078 0 1721291434.4006789 3660078 start pytorch_tensor_add
pt_main_thread 3660078 0 1721291434.400801 3660078 end pytorch_tensor_add
pt_main_thread 3660078 0 1721291434.4008071 3660078 start pytorch_call_impl
pt_main_thread 3660078 0 1721291434.40095 3660078 end pytorch_call_impl
pt_main_thread 3660078 0 1721291434.40096 3660078 start pytorch_call_impl
pt_main_thread 3660078 0 1721291434.4034777 3660078 end pytorch_call_impl
pt_main_thread 3660078 0 1721291434.4035366 3660078 start pytorch_call_impl
pt_main_thread 3660078 0 1721291434.4035463 3660078 start pytorch_dropout_forward
pt_main_thread 3660078 0 1721291434.4038143 3660078 end pytorch_dropout_forward
pt_main_thread 3660078 0 1721291434.4038174 3660078 end pytorch_call_impl
pt_main_thread 3660078 0 1721291434.4038262 3660078 start pytorch_tensor_add
pt_main_thread 3660078 0 1721291434.4039547 3660078 end pytorch_tensor_add
pt_main_thread 3660078 0 1721291434.403961 3660078 start pytorch_call_impl
pt_main_thread 3660078 0 1721291434.4041085 3660078 end pytorch_call_impl
pt_main_thread 3660078 0 1721291434.4041202 3660078 start pytorch_call_impl
pt_main_thread 3660078 0 1721291434.404127 3660078 start pytorch_linear_forward
pt_main_thread 3660078 0 1721291434.408392 3660078 end pytorch_linear_forward
pt_main_thread 3660078 0 1721291434.408399 3660078 end pytorch_call_impl
pt_main_thread 3660078 0 1721291434.4084034 3660078 start pytorch_relu
pt_main_thread 3660078 0 1721291434.410446 3660078 end pytorch_relu
pt_main_thread 3660078 0 1721291434.4114897 3660078 start pytorch_call_impl
pt_main_thread 3660078 0 1721291434.4115055 3660078 start pytorch_dropout_forward
pt_main_thread 3660078 0 1721291434.4207108 3660078 end pytorch_dropout_forward
pt_main_thread 3660078 0 1721291434.4207222 3660078 end pytorch_call_impl
pt_main_thread 3660078 0 1721291434.4207373 3660078 start pytorch_call_impl
pt_main_thread 3660078 0 1721291434.420752 3660078 start pytorch_linear_forward
pt_main_thread 3660078 0 1721291434.424067 3660078 end pytorch_linear_forward
pt_main_thread 3660078 0 1721291434.4240723 3660078 end pytorch_call_impl
pt_main_thread 3660078 0 1721291434.4240828 3660078 start pytorch_call_impl
pt_main_thread 3660078 0 1721291434.4240906 3660078 start pytorch_dropout_forward
pt_main_thread 3660078 0 1721291434.424422 3660078 end pytorch_dropout_forward
pt_main_thread 3660078 0 1721291434.424426 3660078 end pytorch_call_impl
pt_main_thread 3660078 0 1721291434.424435 3660078 start pytorch_tensor_add
pt_main_thread 3660078 0 1721291434.4245806 3660078 end pytorch_tensor_add
pt_main_thread 3660078 0 1721291434.4245872 3660078 start pytorch_call_impl
pt_main_thread 3660078 0 1721291434.4247422 3660078 end pytorch_call_impl
pt_main_thread 3660078 0 1721291434.424747 3660078 end pytorch_transformer_decoder_layer_forward
pt_main_thread 3660078 0 1721291434.424751 3660078 end pytorch_call_impl
pt_main_thread 3660078 0 1721291434.424763 3660078 start pytorch_call_impl
pt_main_thread 3660078 0 1721291434.4248989 3660078 end pytorch_call_impl
pt_main_thread 3660078 0 1721291434.4249027 3660078 end pytorch_transformer_decoder_forward
pt_main_thread 3660078 0 1721291434.4249063 3660078 end pytorch_call_impl
pt_main_thread 3660078 0 1721291434.4249108 3660078 end pytorch_transformer_forward
pt_main_thread 3660078 0 1721291434.4249146 3660078 end pytorch_call_impl
